750
83
771
921
95 929
602
21
758 37
559
833 158
128 338
959
211
342
507
575
971
984 967
741
119 321
472
380
707
72 512
169 535
800 894
125
533
177
860
367
224 248
281
625 434
780
668 147
149
896
311
804
424 246
252 84
935
430
176
45
249 253
56
541
485
435
834 856
515
142
653 562
314
989
638
521 101
42
924
479
80 350
92
493
611
958 805
7
185 544
446
343 447
228
150 980
254
283
899
869
664 619
25
448
264 32
369
941 206
351
509
555
298
112
412
607 476
373 465
950
389
798 385
222
893
320
221 510
326
644
31 528
284
178
885 974
268
531
793 661
347
603 271
785
775
739
573 458
584
803
922
636 131
44 797
639
348
382 129
969
388 965
19
526
746
663
429
187
54 266
166
832 51
330 335
986
751 402
505
391
143 673
114 735
743
713
296
26 183
331 226
702
604
192
62
801 759
628 990
576
278
414 68
3
881 945
29
209
711 714
189
102 236
499
669
977 928
558 600
728
421
779
968 466
277
706
78
73
96 492
646
47 949
538
86 710
440
872 904
289 297
255
443 117
483
265
978
299
308
59 622
232
863
875
87
545 717
865
426 568
286
822
630 740
57 108
841 513
247
370
747
796 52
970
436
597
605
339 996
164
210
715 238
98
144 82
111
110
411
433
152 525
536
987
22
925
6 548
452 837
219
567
202
903 18
810 789
819
93 151
323
901 290
170
105 884
836
17
395 67
946 155
506
70
113
364
405 490
135
267
867
11
633 172
851
141
194
127
0 838
167
592
920 537
769 818
274
49 153
870
859
217
823
161 438
905
557
727
418 168
212
186
279
835 455
107
845
480
993 750
159
88 681
400
352
962
496 583
453
24
449 345
75
106
199 366
879 824
718
74
918 940
812
162 288
734
262 892
888
243 774
963
641
724
333
931
757
701 494
503 635
329
182 847
852
799
817 882
132
136
829
1
547 609
240
866 689
516
241
41
130 634
328
698 586
806 981
181
422 64
489
997
282
631 487
109
777
190 783
23
394 927
460
850
853 675
79 840
251
693
229
216
327 99
309
599 522
613
828 932
200 464
357
680
396
648
688
478 459
146 444
776
678
16
983
898 731
276
36 160
4
292
356
551
197
588
484 118
712
827
468
451
612 620
546
140
719
617 595
732
235
939
61 632
745
231 665
205
457
540
471 66
955
677
874
215 307
30 401
694
621
616
450
381
245
417 858
5
383 195
34
763 116
624 306
754
848
926
203
988 126
552 71
467
772
726 20
765 782
640
378
497
208
670 55
122
561
855
570
930 175
441
725
300
627
445 553
89
610
900
94 390
808 403
416
985 660
565
431
593
154
486
115 902
889
294
171 399
379
671
659 760
360
2 891
942
802
952 523
938
242 198
647
566 408
260
404
618 571
508
591
679
992
81
831
880
76 46
842
868 461
349
883 674
766
733
145
519
313
103
742
912 684
756
225
876 897
218 498
227 911
843
991 237
948
275
683 696
423
594
784
362
730
393
332
637 259
642
406
301
596
213
936
601 165
415 749
293
397
913
753 794
906
585 979
139
425
943 518
614
787
579 191
372 695
334
825 686
820
964
9
428 137
120
315
830
768
976
469 291
700 376
839
303
655
50
815
626
234 359
748
887
542 365
439
999 214
786
312
738
456
8 697
386 188
944
761
650
341 709
413 934
554
587 814
652
773 482
148
495 580
43
419 534
250 409
608 657
504
138 392
723
38
606
13
662 207
90
488
69 762
791
39
256 134
615 501
201
287
355 788
998
699 577
654
387
590 813
549
658
60
737 795
651 721
720 104
35
432 598
895
916 589
877
857 957
767
649
736
914
966
344 862
346
871 564
407 10
223 163
258
28
973 410
687
319
124 270
193
975
543 269
910 527
354
691
305
53 336
816 956
263 437
811
951
184
524 133
792
196
470 937
384 324
427 744
692
368 285
809
623
574
514
864
97 244
302
849
363 643
310 173
520
272
532
919 180
174
123 475
672
703 572
239
890
947 322
923
878
500
325
358
316
63
377
317
48
960 337
790
690
442
560
953 15
722
954
578 58
491
556
755
529 40
994
420
873 995
682
230
933
908
708
261
581 280
204 511
807
100
569
844
502
656
563 398
752 353
826
685 676
318 909
121
582 770
374
854
907
77
704
517 481
233
257 474
340
917
705 781
477
375 961
629
778
33
361
220
85 273
462
14
530
371 454
764
915 27
982 12
295 156
539
463
667
473
729
886
972
645
157 65
821
716 846
179
304 91
666 861
550
