750
41
779
942
813 765
926
570
532
38
778
709 238
125
331 102
473
700 523
100
609 631
358
733
671
457
830
202
127
954
385 984
21
221 490
679
87
344 371
530
708
441
33
906
475 937
725
332
539
678
207 471
921
5
141
90
287
574
414 417
135
996 494
152 517
642
977 169
997
319
951
667
955
718
260
161 643
673 345
556
170
582 847
290 773
483
320
69 495
785
372 624
663
149
241
732
313
697 95
412
550
923
916 133
55 438
99 947
986
168 782
92
342
284
420
159
595 615
451
792
409 52
362
646
922
439
677
802
499
553 82
456
179
245
917
261
396
919 487
538
247
738
875
978
514
561
144 401
852
610
962
945 252
337 437
370
60
153 503
833 699
376 956
101 701
276
724
293
888
254
621
552 769
440
971
812
611
628 382
34
275
22
980 995
972
288 635
722
222
416
515
795 558
608 157
429
404
529 910
840 562
566 151
398 901
323
837 403
588
665 263
693
804
378
57 927
488
480
211
460
120
998
431
630 857
68 327
88 259
30 173
62
815
584
374
78
7
66 6
448
453
739
567
506
924
349
339 402
208
194
452 717
446
89
741
946 115
213
758 128
507
479
108 801
75
240
251
405 618
367
516
751 224
576
841 762
691
400
85 236
484 814
285 116
887
557
164
80 422
748
512 163
86 428
255
501 118
900
111
909 269
836
250 696
826
233
283
974 527
17
377
321 338
948
423
334
436
421
683 310
346
360
914
246 124
328
282
311
604
359 44
347
220
938
469 858
969
959
20 182
896
941 131
411
596
113
856 862
591
444 537
746
676 705
825 64
281
702
136
147 368
130 262
312
198 248
970
593
296
854
793 731
189
497
764
613
786
658
132
756
458 496
265
622 37
140
843
799
26 424
629
513 982
187
913
681 199
139
555
1
455 633
520
98
70
587 957
989
31 172
299
286
216
408 662
594
526
46 883
950
363 47
745
664 952
781 264
154
687
653 114
500
443 898
866 206
889
614
788 464
655
990 18
165 256
379
668 737
918 518
380
39
580 744
348
929 123
364
690
704
268
809
234 249
930 105
425
36 322
4
294
939
650
326
714 244
315
178
110
727
219
104 904
890
735 94
821
73
23
560
391
810 879
565
848
767
903 474
201
940 794
519
112
508
908
28
563 388
620 373
16
807
606
461 961
831
876 603
991 770
350 324
859
267
107
463
295 535
583 242
657 49
851
902 185
340
820
257 885
742
333
93 449
855
258
190 158
536
846 685
210
878
647
203
84 828
209
652
462
167
40 289
304 577
734
783 32
174
963
796 711
728
944
823
838 695
605
882 459
639
531
481 335
83
97 394
492 965
109
797 548
43
72 637
798 759
314
766
76 306
407 999
467
661 510
155 180
25
617 817
772
860
600 568
509
894 253
369
381
656
188 426
649
776
850
572 960
79 392
907
925
694
644
750 119
184
636 753
975
844
14
616
356
729
343 525
48
911 383
450
935
992
351
842
864
274
534 968
486
559
230
142
688
419 150
867
672
491
829
575
413 601
895
325
612 720
74
393
77
243 674
666 204
626
65 981
740 336
103
654
920 716
122
719
430
680
454 958
477
865
505
791
317
205
522 953
8 427
225
819
784
706
757
936
640
541
822
747
56
777
670 988
397
3
11
12 58
10 598
886
502
53 478
845
121
684 774
780
569
387
303
54 659
13
386 318
641
307 892
808 806
985 800
301
787
352
432 390
316
884 183
445 466
564 195
186
366 61
692
67 129
472
730
540
915 160
106
279
625 703
24
872 126
824 2
229
278
524 698
292
138 280
181
435
861 715
498 291
96 585
309
675 871
305
835 330
19
760 521
212
789 949
215 273
853 365
934 873
581 410
607 162
983
329
877
418 651
592
227 191
442
627
228
881 353
597
375 993
50
223 146
406
166
868 415
602
542 528
803
880
145
395 619
192
217
277
933
148
623
434 912
193
15 137
547 511
197
712
893
761
710 399
272
763 271
899
447 545
489
493
707
468
355 689
214 266
239
29
645
71 200
571 476
755
9
586 660
827
870
549
979 721
669
849
790
485
389
231 51
973 752
218 726
573 465
964
987
863
743
134 816
546
723
976
143 578
754
966
81
302
749 599
811
156 897
308
543 589
682
504
45
482 341
891 237
638
869
713
433
176
27 544
533
931
232
736
905
771
805 384
839
117 932
874
994
270 967
196
59 175
300
590 171
235
357
648
361
775
634 818
42
298
551
686 91
768
35
0 470
834 632
63
354
554
177
943 579
297 226
928 832
